Logfile initialized
[INFO] logfile = /Users/Usuario/Documents/Titanium_Studio_Workspace/expomobile_mobile/build.log
[DEBUG] /Users/Usuario/Library/Application Support/Titanium/mobilesdk/osx/3.1.3.GA/android/builder.py distribute expomobile /Users/Usuario/android-sdk /Users/Usuario/Documents/Titanium_Studio_Workspace/expomobile_mobile mx.com.emobile /Users/Usuario/Desktop/new_key/keyEmob.keystore Applejuan11 emobile /Users/Usuario/Desktop
[INFO] Titanium SDK version: 3.1.3 (09/18/13 12:00 222f4d1)
[INFO] Copying CommonJS modules...
[INFO] Copying project resources..
[INFO] Detected change in tiapp.xml, or assets deleted. Forcing full re-build...
[TRACE] COPYING CREATED FILE: /Users/Usuario/Documents/Titanium_Studio_Workspace/expomobile_mobile/Resources/android/appicon.png => /Users/Usuario/Documents/Titanium_Studio_Workspace/expomobile_mobile/build/android/bin/assets/Resources/appicon.png
[TRACE] COPYING CREATED FILE: /Users/Usuario/Documents/Titanium_Studio_Workspace/expomobile_mobile/Resources/android/default.png => /Users/Usuario/Documents/Titanium_Studio_Workspace/expomobile_mobile/build/android/bin/assets/Resources/default.png
[TRACE] COPYING CREATED FILE: /Users/Usuario/Documents/Titanium_Studio_Workspace/expomobile_mobile/Resources/android/images/default.png => /Users/Usuario/Documents/Titanium_Studio_Workspace/expomobile_mobile/build/android/bin/assets/Resources/images/default.png
[TRACE] COPYING CREATED FILE: /Users/Usuario/Documents/Titanium_Studio_Workspace/expomobile_mobile/Resources/app.js => /Users/Usuario/Documents/Titanium_Studio_Workspace/expomobile_mobile/build/android/bin/assets/Resources/app.js
[TRACE] COPYING CREATED FILE: /Users/Usuario/Documents/Titanium_Studio_Workspace/expomobile_mobile/Resources/images/actividades.png => /Users/Usuario/Documents/Titanium_Studio_Workspace/expomobile_mobile/build/android/bin/assets/Resources/images/actividades.png
[TRACE] COPYING CREATED FILE: /Users/Usuario/Documents/Titanium_Studio_Workspace/expomobile_mobile/Resources/images/activities.png => /Users/Usuario/Documents/Titanium_Studio_Workspace/expomobile_mobile/build/android/bin/assets/Resources/images/activities.png
[TRACE] COPYING CREATED FILE: /Users/Usuario/Documents/Titanium_Studio_Workspace/expomobile_mobile/Resources/images/agenda.png => /Users/Usuario/Documents/Titanium_Studio_Workspace/expomobile_mobile/build/android/bin/assets/Resources/images/agenda.png
[TRACE] COPYING CREATED FILE: /Users/Usuario/Documents/Titanium_Studio_Workspace/expomobile_mobile/Resources/images/anadic.png => /Users/Usuario/Documents/Titanium_Studio_Workspace/expomobile_mobile/build/android/bin/assets/Resources/images/anadic.png
[TRACE] COPYING CREATED FILE: /Users/Usuario/Documents/Titanium_Studio_Workspace/expomobile_mobile/Resources/images/background.png => /Users/Usuario/Documents/Titanium_Studio_Workspace/expomobile_mobile/build/android/bin/assets/Resources/images/background.png
[TRACE] COPYING CREATED FILE: /Users/Usuario/Documents/Titanium_Studio_Workspace/expomobile_mobile/Resources/images/btnderecha.png => /Users/Usuario/Documents/Titanium_Studio_Workspace/expomobile_mobile/build/android/bin/assets/Resources/images/btnderecha.png
[TRACE] COPYING CREATED FILE: /Users/Usuario/Documents/Titanium_Studio_Workspace/expomobile_mobile/Resources/images/btnizquierda.png => /Users/Usuario/Documents/Titanium_Studio_Workspace/expomobile_mobile/build/android/bin/assets/Resources/images/btnizquierda.png
[TRACE] COPYING CREATED FILE: /Users/Usuario/Documents/Titanium_Studio_Workspace/expomobile_mobile/Resources/images/bueno.png => /Users/Usuario/Documents/Titanium_Studio_Workspace/expomobile_mobile/build/android/bin/assets/Resources/images/bueno.png
[TRACE] COPYING CREATED FILE: /Users/Usuario/Documents/Titanium_Studio_Workspace/expomobile_mobile/Resources/images/buttonfinal.png => /Users/Usuario/Documents/Titanium_Studio_Workspace/expomobile_mobile/build/android/bin/assets/Resources/images/buttonfinal.png
[TRACE] COPYING CREATED FILE: /Users/Usuario/Documents/Titanium_Studio_Workspace/expomobile_mobile/Resources/images/buttonfirst.png => /Users/Usuario/Documents/Titanium_Studio_Workspace/expomobile_mobile/build/android/bin/assets/Resources/images/buttonfirst.png
[TRACE] COPYING CREATED FILE: /Users/Usuario/Documents/Titanium_Studio_Workspace/expomobile_mobile/Resources/images/buttoningresar.png => /Users/Usuario/Documents/Titanium_Studio_Workspace/expomobile_mobile/build/android/bin/assets/Resources/images/buttoningresar.png
[TRACE] COPYING CREATED FILE: /Users/Usuario/Documents/Titanium_Studio_Workspace/expomobile_mobile/Resources/images/buttoningresar_e.png => /Users/Usuario/Documents/Titanium_Studio_Workspace/expomobile_mobile/build/android/bin/assets/Resources/images/buttoningresar_e.png
[TRACE] COPYING CREATED FILE: /Users/Usuario/Documents/Titanium_Studio_Workspace/expomobile_mobile/Resources/images/buttonregistrologin.png => /Users/Usuario/Documents/Titanium_Studio_Workspace/expomobile_mobile/build/android/bin/assets/Resources/images/buttonregistrologin.png
[TRACE] COPYING CREATED FILE: /Users/Usuario/Documents/Titanium_Studio_Workspace/expomobile_mobile/Resources/images/buttonregistrologin_e.png => /Users/Usuario/Documents/Titanium_Studio_Workspace/expomobile_mobile/build/android/bin/assets/Resources/images/buttonregistrologin_e.png
[TRACE] COPYING CREATED FILE: /Users/Usuario/Documents/Titanium_Studio_Workspace/expomobile_mobile/Resources/images/buttonsalir.png => /Users/Usuario/Documents/Titanium_Studio_Workspace/expomobile_mobile/build/android/bin/assets/Resources/images/buttonsalir.png
[TRACE] COPYING CREATED FILE: /Users/Usuario/Documents/Titanium_Studio_Workspace/expomobile_mobile/Resources/images/buttonsalir_e.png => /Users/Usuario/Documents/Titanium_Studio_Workspace/expomobile_mobile/build/android/bin/assets/Resources/images/buttonsalir_e.png
[TRACE] COPYING CREATED FILE: /Users/Usuario/Documents/Titanium_Studio_Workspace/expomobile_mobile/Resources/images/calendar.png => /Users/Usuario/Documents/Titanium_Studio_Workspace/expomobile_mobile/build/android/bin/assets/Resources/images/calendar.png
[TRACE] COPYING CREATED FILE: /Users/Usuario/Documents/Titanium_Studio_Workspace/expomobile_mobile/Resources/images/caraacara.png => /Users/Usuario/Documents/Titanium_Studio_Workspace/expomobile_mobile/build/android/bin/assets/Resources/images/caraacara.png
[TRACE] COPYING CREATED FILE: /Users/Usuario/Documents/Titanium_Studio_Workspace/expomobile_mobile/Resources/images/close.png => /Users/Usuario/Documents/Titanium_Studio_Workspace/expomobile_mobile/build/android/bin/assets/Resources/images/close.png
[TRACE] COPYING CREATED FILE: /Users/Usuario/Documents/Titanium_Studio_Workspace/expomobile_mobile/Resources/images/conferences.png => /Users/Usuario/Documents/Titanium_Studio_Workspace/expomobile_mobile/build/android/bin/assets/Resources/images/conferences.png
[TRACE] COPYING CREATED FILE: /Users/Usuario/Documents/Titanium_Studio_Workspace/expomobile_mobile/Resources/images/conferencias.png => /Users/Usuario/Documents/Titanium_Studio_Workspace/expomobile_mobile/build/android/bin/assets/Resources/images/conferencias.png
[TRACE] COPYING CREATED FILE: /Users/Usuario/Documents/Titanium_Studio_Workspace/expomobile_mobile/Resources/images/contacto.png => /Users/Usuario/Documents/Titanium_Studio_Workspace/expomobile_mobile/build/android/bin/assets/Resources/images/contacto.png
[TRACE] COPYING CREATED FILE: /Users/Usuario/Documents/Titanium_Studio_Workspace/expomobile_mobile/Resources/images/diary.png => /Users/Usuario/Documents/Titanium_Studio_Workspace/expomobile_mobile/build/android/bin/assets/Resources/images/diary.png
[TRACE] COPYING CREATED FILE: /Users/Usuario/Documents/Titanium_Studio_Workspace/expomobile_mobile/Resources/images/directorio.png => /Users/Usuario/Documents/Titanium_Studio_Workspace/expomobile_mobile/build/android/bin/assets/Resources/images/directorio.png
[TRACE] COPYING CREATED FILE: /Users/Usuario/Documents/Titanium_Studio_Workspace/expomobile_mobile/Resources/images/expomobile.png => /Users/Usuario/Documents/Titanium_Studio_Workspace/expomobile_mobile/build/android/bin/assets/Resources/images/expomobile.png
[TRACE] COPYING CREATED FILE: /Users/Usuario/Documents/Titanium_Studio_Workspace/expomobile_mobile/Resources/images/exposicion.png => /Users/Usuario/Documents/Titanium_Studio_Workspace/expomobile_mobile/build/android/bin/assets/Resources/images/exposicion.png
[TRACE] COPYING CREATED FILE: /Users/Usuario/Documents/Titanium_Studio_Workspace/expomobile_mobile/Resources/images/exposition.png => /Users/Usuario/Documents/Titanium_Studio_Workspace/expomobile_mobile/build/android/bin/assets/Resources/images/exposition.png
[TRACE] COPYING CREATED FILE: /Users/Usuario/Documents/Titanium_Studio_Workspace/expomobile_mobile/Resources/images/expositor.png => /Users/Usuario/Documents/Titanium_Studio_Workspace/expomobile_mobile/build/android/bin/assets/Resources/images/expositor.png
[TRACE] COPYING CREATED FILE: /Users/Usuario/Documents/Titanium_Studio_Workspace/expomobile_mobile/Resources/images/expositores.png => /Users/Usuario/Documents/Titanium_Studio_Workspace/expomobile_mobile/build/android/bin/assets/Resources/images/expositores.png
[TRACE] COPYING CREATED FILE: /Users/Usuario/Documents/Titanium_Studio_Workspace/expomobile_mobile/Resources/images/facetoface.png => /Users/Usuario/Documents/Titanium_Studio_Workspace/expomobile_mobile/build/android/bin/assets/Resources/images/facetoface.png
[TRACE] COPYING CREATED FILE: /Users/Usuario/Documents/Titanium_Studio_Workspace/expomobile_mobile/Resources/images/facetoface_touch.png => /Users/Usuario/Documents/Titanium_Studio_Workspace/expomobile_mobile/build/android/bin/assets/Resources/images/facetoface_touch.png
[TRACE] COPYING CREATED FILE: /Users/Usuario/Documents/Titanium_Studio_Workspace/expomobile_mobile/Resources/images/horarios.png => /Users/Usuario/Documents/Titanium_Studio_Workspace/expomobile_mobile/build/android/bin/assets/Resources/images/horarios.png
[TRACE] COPYING CREATED FILE: /Users/Usuario/Documents/Titanium_Studio_Workspace/expomobile_mobile/Resources/images/horarios_blanco.png => /Users/Usuario/Documents/Titanium_Studio_Workspace/expomobile_mobile/build/android/bin/assets/Resources/images/horarios_blanco.png
[TRACE] COPYING CREATED FILE: /Users/Usuario/Documents/Titanium_Studio_Workspace/expomobile_mobile/Resources/images/iconactividades.png => /Users/Usuario/Documents/Titanium_Studio_Workspace/expomobile_mobile/build/android/bin/assets/Resources/images/iconactividades.png
[TRACE] COPYING CREATED FILE: /Users/Usuario/Documents/Titanium_Studio_Workspace/expomobile_mobile/Resources/images/iconagenda.png => /Users/Usuario/Documents/Titanium_Studio_Workspace/expomobile_mobile/build/android/bin/assets/Resources/images/iconagenda.png
[TRACE] COPYING CREATED FILE: /Users/Usuario/Documents/Titanium_Studio_Workspace/expomobile_mobile/Resources/images/iconconferencias.png => /Users/Usuario/Documents/Titanium_Studio_Workspace/expomobile_mobile/build/android/bin/assets/Resources/images/iconconferencias.png
[TRACE] COPYING CREATED FILE: /Users/Usuario/Documents/Titanium_Studio_Workspace/expomobile_mobile/Resources/images/iconexposiciones.png => /Users/Usuario/Documents/Titanium_Studio_Workspace/expomobile_mobile/build/android/bin/assets/Resources/images/iconexposiciones.png
[TRACE] COPYING CREATED FILE: /Users/Usuario/Documents/Titanium_Studio_Workspace/expomobile_mobile/Resources/images/iconfacetoface.png => /Users/Usuario/Documents/Titanium_Studio_Workspace/expomobile_mobile/build/android/bin/assets/Resources/images/iconfacetoface.png
[TRACE] COPYING CREATED FILE: /Users/Usuario/Documents/Titanium_Studio_Workspace/expomobile_mobile/Resources/images/iconmapa.png => /Users/Usuario/Documents/Titanium_Studio_Workspace/expomobile_mobile/build/android/bin/assets/Resources/images/iconmapa.png
[TRACE] COPYING CREATED FILE: /Users/Usuario/Documents/Titanium_Studio_Workspace/expomobile_mobile/Resources/images/iconofertas.png => /Users/Usuario/Documents/Titanium_Studio_Workspace/expomobile_mobile/build/android/bin/assets/Resources/images/iconofertas.png
[TRACE] COPYING CREATED FILE: /Users/Usuario/Documents/Titanium_Studio_Workspace/expomobile_mobile/Resources/images/iconpatrocinadores.png => /Users/Usuario/Documents/Titanium_Studio_Workspace/expomobile_mobile/build/android/bin/assets/Resources/images/iconpatrocinadores.png
[TRACE] COPYING CREATED FILE: /Users/Usuario/Documents/Titanium_Studio_Workspace/expomobile_mobile/Resources/images/iconregistro.png => /Users/Usuario/Documents/Titanium_Studio_Workspace/expomobile_mobile/build/android/bin/assets/Resources/images/iconregistro.png
[TRACE] COPYING CREATED FILE: /Users/Usuario/Documents/Titanium_Studio_Workspace/expomobile_mobile/Resources/images/icontalleres.png => /Users/Usuario/Documents/Titanium_Studio_Workspace/expomobile_mobile/build/android/bin/assets/Resources/images/icontalleres.png
[TRACE] COPYING CREATED FILE: /Users/Usuario/Documents/Titanium_Studio_Workspace/expomobile_mobile/Resources/images/mail.png => /Users/Usuario/Documents/Titanium_Studio_Workspace/expomobile_mobile/build/android/bin/assets/Resources/images/mail.png
[TRACE] COPYING CREATED FILE: /Users/Usuario/Documents/Titanium_Studio_Workspace/expomobile_mobile/Resources/images/malo.png => /Users/Usuario/Documents/Titanium_Studio_Workspace/expomobile_mobile/build/android/bin/assets/Resources/images/malo.png
[TRACE] COPYING CREATED FILE: /Users/Usuario/Documents/Titanium_Studio_Workspace/expomobile_mobile/Resources/images/mapa.png => /Users/Usuario/Documents/Titanium_Studio_Workspace/expomobile_mobile/build/android/bin/assets/Resources/images/mapa.png
[TRACE] COPYING CREATED FILE: /Users/Usuario/Documents/Titanium_Studio_Workspace/expomobile_mobile/Resources/images/miqrcode.png => /Users/Usuario/Documents/Titanium_Studio_Workspace/expomobile_mobile/build/android/bin/assets/Resources/images/miqrcode.png
[TRACE] COPYING CREATED FILE: /Users/Usuario/Documents/Titanium_Studio_Workspace/expomobile_mobile/Resources/images/next.png => /Users/Usuario/Documents/Titanium_Studio_Workspace/expomobile_mobile/build/android/bin/assets/Resources/images/next.png
[TRACE] COPYING CREATED FILE: /Users/Usuario/Documents/Titanium_Studio_Workspace/expomobile_mobile/Resources/images/ofertas.png => /Users/Usuario/Documents/Titanium_Studio_Workspace/expomobile_mobile/build/android/bin/assets/Resources/images/ofertas.png
[TRACE] COPYING CREATED FILE: /Users/Usuario/Documents/Titanium_Studio_Workspace/expomobile_mobile/Resources/images/ofertas_normal.png => /Users/Usuario/Documents/Titanium_Studio_Workspace/expomobile_mobile/build/android/bin/assets/Resources/images/ofertas_normal.png
[TRACE] COPYING CREATED FILE: /Users/Usuario/Documents/Titanium_Studio_Workspace/expomobile_mobile/Resources/images/offers.png => /Users/Usuario/Documents/Titanium_Studio_Workspace/expomobile_mobile/build/android/bin/assets/Resources/images/offers.png
[TRACE] COPYING CREATED FILE: /Users/Usuario/Documents/Titanium_Studio_Workspace/expomobile_mobile/Resources/images/patrocinadores.png => /Users/Usuario/Documents/Titanium_Studio_Workspace/expomobile_mobile/build/android/bin/assets/Resources/images/patrocinadores.png
[TRACE] COPYING CREATED FILE: /Users/Usuario/Documents/Titanium_Studio_Workspace/expomobile_mobile/Resources/images/phone.png => /Users/Usuario/Documents/Titanium_Studio_Workspace/expomobile_mobile/build/android/bin/assets/Resources/images/phone.png
[TRACE] COPYING CREATED FILE: /Users/Usuario/Documents/Titanium_Studio_Workspace/expomobile_mobile/Resources/images/previous.png => /Users/Usuario/Documents/Titanium_Studio_Workspace/expomobile_mobile/build/android/bin/assets/Resources/images/previous.png
[TRACE] COPYING CREATED FILE: /Users/Usuario/Documents/Titanium_Studio_Workspace/expomobile_mobile/Resources/images/register.png => /Users/Usuario/Documents/Titanium_Studio_Workspace/expomobile_mobile/build/android/bin/assets/Resources/images/register.png
[TRACE] COPYING CREATED FILE: /Users/Usuario/Documents/Titanium_Studio_Workspace/expomobile_mobile/Resources/images/registro.png => /Users/Usuario/Documents/Titanium_Studio_Workspace/expomobile_mobile/build/android/bin/assets/Resources/images/registro.png
[TRACE] COPYING CREATED FILE: /Users/Usuario/Documents/Titanium_Studio_Workspace/expomobile_mobile/Resources/images/regular.png => /Users/Usuario/Documents/Titanium_Studio_Workspace/expomobile_mobile/build/android/bin/assets/Resources/images/regular.png
[TRACE] COPYING CREATED FILE: /Users/Usuario/Documents/Titanium_Studio_Workspace/expomobile_mobile/Resources/images/sponsors.png => /Users/Usuario/Documents/Titanium_Studio_Workspace/expomobile_mobile/build/android/bin/assets/Resources/images/sponsors.png
[TRACE] COPYING CREATED FILE: /Users/Usuario/Documents/Titanium_Studio_Workspace/expomobile_mobile/Resources/images/swipefinger.png => /Users/Usuario/Documents/Titanium_Studio_Workspace/expomobile_mobile/build/android/bin/assets/Resources/images/swipefinger.png
[TRACE] COPYING CREATED FILE: /Users/Usuario/Documents/Titanium_Studio_Workspace/expomobile_mobile/Resources/images/talleres.png => /Users/Usuario/Documents/Titanium_Studio_Workspace/expomobile_mobile/build/android/bin/assets/Resources/images/talleres.png
[TRACE] COPYING CREATED FILE: /Users/Usuario/Documents/Titanium_Studio_Workspace/expomobile_mobile/Resources/images/twitter.png => /Users/Usuario/Documents/Titanium_Studio_Workspace/expomobile_mobile/build/android/bin/assets/Resources/images/twitter.png
[TRACE] COPYING CREATED FILE: /Users/Usuario/Documents/Titanium_Studio_Workspace/expomobile_mobile/Resources/images/ubicacion.png => /Users/Usuario/Documents/Titanium_Studio_Workspace/expomobile_mobile/build/android/bin/assets/Resources/images/ubicacion.png
[TRACE] COPYING CREATED FILE: /Users/Usuario/Documents/Titanium_Studio_Workspace/expomobile_mobile/Resources/images/unavailable.jpg => /Users/Usuario/Documents/Titanium_Studio_Workspace/expomobile_mobile/build/android/bin/assets/Resources/images/unavailable.jpg
[TRACE] COPYING CREATED FILE: /Users/Usuario/Documents/Titanium_Studio_Workspace/expomobile_mobile/Resources/images/unavailable_small.jpg => /Users/Usuario/Documents/Titanium_Studio_Workspace/expomobile_mobile/build/android/bin/assets/Resources/images/unavailable_small.jpg
[TRACE] COPYING CREATED FILE: /Users/Usuario/Documents/Titanium_Studio_Workspace/expomobile_mobile/Resources/images/web.png => /Users/Usuario/Documents/Titanium_Studio_Workspace/expomobile_mobile/build/android/bin/assets/Resources/images/web.png
[TRACE] COPYING CREATED FILE: /Users/Usuario/Documents/Titanium_Studio_Workspace/expomobile_mobile/Resources/images/workshops.png => /Users/Usuario/Documents/Titanium_Studio_Workspace/expomobile_mobile/build/android/bin/assets/Resources/images/workshops.png
[TRACE] COPYING CREATED FILE: /Users/Usuario/Documents/Titanium_Studio_Workspace/expomobile_mobile/Resources/KS_nav_ui.png => /Users/Usuario/Documents/Titanium_Studio_Workspace/expomobile_mobile/build/android/bin/assets/Resources/KS_nav_ui.png
[TRACE] COPYING CREATED FILE: /Users/Usuario/Documents/Titanium_Studio_Workspace/expomobile_mobile/Resources/KS_nav_views.png => /Users/Usuario/Documents/Titanium_Studio_Workspace/expomobile_mobile/build/android/bin/assets/Resources/KS_nav_views.png
[TRACE] COPYING CREATED FILE: /Users/Usuario/Documents/Titanium_Studio_Workspace/expomobile_mobile/Resources/lib/network.js => /Users/Usuario/Documents/Titanium_Studio_Workspace/expomobile_mobile/build/android/bin/assets/Resources/lib/network.js
[TRACE] COPYING CREATED FILE: /Users/Usuario/Documents/Titanium_Studio_Workspace/expomobile_mobile/Resources/templates.js => /Users/Usuario/Documents/Titanium_Studio_Workspace/expomobile_mobile/build/android/bin/assets/Resources/templates.js
[TRACE] COPYING CREATED FILE: /Users/Usuario/Documents/Titanium_Studio_Workspace/expomobile_mobile/Resources/tools.js => /Users/Usuario/Documents/Titanium_Studio_Workspace/expomobile_mobile/build/android/bin/assets/Resources/tools.js
[TRACE] COPYING CREATED FILE: /Users/Usuario/Documents/Titanium_Studio_Workspace/expomobile_mobile/Resources/ui/common/ANActivityIndicator.js => /Users/Usuario/Documents/Titanium_Studio_Workspace/expomobile_mobile/build/android/bin/assets/Resources/ui/common/ANActivityIndicator.js
[TRACE] COPYING CREATED FILE: /Users/Usuario/Documents/Titanium_Studio_Workspace/expomobile_mobile/Resources/ui/common/ContactoWindow.js => /Users/Usuario/Documents/Titanium_Studio_Workspace/expomobile_mobile/build/android/bin/assets/Resources/ui/common/ContactoWindow.js
[TRACE] COPYING CREATED FILE: /Users/Usuario/Documents/Titanium_Studio_Workspace/expomobile_mobile/Resources/ui/common/CreateIndicatorWindow.js => /Users/Usuario/Documents/Titanium_Studio_Workspace/expomobile_mobile/build/android/bin/assets/Resources/ui/common/CreateIndicatorWindow.js
[TRACE] COPYING CREATED FILE: /Users/Usuario/Documents/Titanium_Studio_Workspace/expomobile_mobile/Resources/ui/common/CreateIndicatorWindow_backup.js => /Users/Usuario/Documents/Titanium_Studio_Workspace/expomobile_mobile/build/android/bin/assets/Resources/ui/common/CreateIndicatorWindow_backup.js
[TRACE] COPYING CREATED FILE: /Users/Usuario/Documents/Titanium_Studio_Workspace/expomobile_mobile/Resources/ui/common/CustomAlertWindow.js => /Users/Usuario/Documents/Titanium_Studio_Workspace/expomobile_mobile/build/android/bin/assets/Resources/ui/common/CustomAlertWindow.js
[TRACE] COPYING CREATED FILE: /Users/Usuario/Documents/Titanium_Studio_Workspace/expomobile_mobile/Resources/ui/common/FirstView.js => /Users/Usuario/Documents/Titanium_Studio_Workspace/expomobile_mobile/build/android/bin/assets/Resources/ui/common/FirstView.js
[TRACE] COPYING CREATED FILE: /Users/Usuario/Documents/Titanium_Studio_Workspace/expomobile_mobile/Resources/ui/common/HorariosWindow.js => /Users/Usuario/Documents/Titanium_Studio_Workspace/expomobile_mobile/build/android/bin/assets/Resources/ui/common/HorariosWindow.js
[TRACE] COPYING CREATED FILE: /Users/Usuario/Documents/Titanium_Studio_Workspace/expomobile_mobile/Resources/ui/common/InfoWindow.js => /Users/Usuario/Documents/Titanium_Studio_Workspace/expomobile_mobile/build/android/bin/assets/Resources/ui/common/InfoWindow.js
[TRACE] COPYING CREATED FILE: /Users/Usuario/Documents/Titanium_Studio_Workspace/expomobile_mobile/Resources/ui/common/LoginView.js => /Users/Usuario/Documents/Titanium_Studio_Workspace/expomobile_mobile/build/android/bin/assets/Resources/ui/common/LoginView.js
[TRACE] COPYING CREATED FILE: /Users/Usuario/Documents/Titanium_Studio_Workspace/expomobile_mobile/Resources/ui/common/RegisterView.js => /Users/Usuario/Documents/Titanium_Studio_Workspace/expomobile_mobile/build/android/bin/assets/Resources/ui/common/RegisterView.js
[TRACE] COPYING CREATED FILE: /Users/Usuario/Documents/Titanium_Studio_Workspace/expomobile_mobile/Resources/ui/handheld/actividades/HorariosWindow.js => /Users/Usuario/Documents/Titanium_Studio_Workspace/expomobile_mobile/build/android/bin/assets/Resources/ui/handheld/actividades/HorariosWindow.js
[TRACE] COPYING CREATED FILE: /Users/Usuario/Documents/Titanium_Studio_Workspace/expomobile_mobile/Resources/ui/handheld/ActividadesWindow.js => /Users/Usuario/Documents/Titanium_Studio_Workspace/expomobile_mobile/build/android/bin/assets/Resources/ui/handheld/ActividadesWindow.js
[TRACE] COPYING CREATED FILE: /Users/Usuario/Documents/Titanium_Studio_Workspace/expomobile_mobile/Resources/ui/handheld/agenda/HorariosWindow.js => /Users/Usuario/Documents/Titanium_Studio_Workspace/expomobile_mobile/build/android/bin/assets/Resources/ui/handheld/agenda/HorariosWindow.js
[TRACE] COPYING CREATED FILE: /Users/Usuario/Documents/Titanium_Studio_Workspace/expomobile_mobile/Resources/ui/handheld/AgendaWindow.js => /Users/Usuario/Documents/Titanium_Studio_Workspace/expomobile_mobile/build/android/bin/assets/Resources/ui/handheld/AgendaWindow.js
[TRACE] COPYING CREATED FILE: /Users/Usuario/Documents/Titanium_Studio_Workspace/expomobile_mobile/Resources/ui/handheld/android/ApplicationWindow.js => /Users/Usuario/Documents/Titanium_Studio_Workspace/expomobile_mobile/build/android/bin/assets/Resources/ui/handheld/android/ApplicationWindow.js
[TRACE] COPYING CREATED FILE: /Users/Usuario/Documents/Titanium_Studio_Workspace/expomobile_mobile/Resources/ui/handheld/ApplicationWindow.js => /Users/Usuario/Documents/Titanium_Studio_Workspace/expomobile_mobile/build/android/bin/assets/Resources/ui/handheld/ApplicationWindow.js
[TRACE] COPYING CREATED FILE: /Users/Usuario/Documents/Titanium_Studio_Workspace/expomobile_mobile/Resources/ui/handheld/conferencias/DirectorioWindow.js => /Users/Usuario/Documents/Titanium_Studio_Workspace/expomobile_mobile/build/android/bin/assets/Resources/ui/handheld/conferencias/DirectorioWindow.js
[TRACE] COPYING CREATED FILE: /Users/Usuario/Documents/Titanium_Studio_Workspace/expomobile_mobile/Resources/ui/handheld/conferencias/HorariosWindow.js => /Users/Usuario/Documents/Titanium_Studio_Workspace/expomobile_mobile/build/android/bin/assets/Resources/ui/handheld/conferencias/HorariosWindow.js
[TRACE] COPYING CREATED FILE: /Users/Usuario/Documents/Titanium_Studio_Workspace/expomobile_mobile/Resources/ui/handheld/ConferenciasWindow.js => /Users/Usuario/Documents/Titanium_Studio_Workspace/expomobile_mobile/build/android/bin/assets/Resources/ui/handheld/ConferenciasWindow.js
[TRACE] COPYING CREATED FILE: /Users/Usuario/Documents/Titanium_Studio_Workspace/expomobile_mobile/Resources/ui/handheld/exposiciones/DetalleWindow.js => /Users/Usuario/Documents/Titanium_Studio_Workspace/expomobile_mobile/build/android/bin/assets/Resources/ui/handheld/exposiciones/DetalleWindow.js
[TRACE] COPYING CREATED FILE: /Users/Usuario/Documents/Titanium_Studio_Workspace/expomobile_mobile/Resources/ui/handheld/exposiciones/DirectorioWindow.js => /Users/Usuario/Documents/Titanium_Studio_Workspace/expomobile_mobile/build/android/bin/assets/Resources/ui/handheld/exposiciones/DirectorioWindow.js
[TRACE] COPYING CREATED FILE: /Users/Usuario/Documents/Titanium_Studio_Workspace/expomobile_mobile/Resources/ui/handheld/exposiciones/DirExposWindow.js => /Users/Usuario/Documents/Titanium_Studio_Workspace/expomobile_mobile/build/android/bin/assets/Resources/ui/handheld/exposiciones/DirExposWindow.js
[TRACE] COPYING CREATED FILE: /Users/Usuario/Documents/Titanium_Studio_Workspace/expomobile_mobile/Resources/ui/handheld/exposiciones/ExpoInfoWindow.js => /Users/Usuario/Documents/Titanium_Studio_Workspace/expomobile_mobile/build/android/bin/assets/Resources/ui/handheld/exposiciones/ExpoInfoWindow.js
[TRACE] COPYING CREATED FILE: /Users/Usuario/Documents/Titanium_Studio_Workspace/expomobile_mobile/Resources/ui/handheld/exposiciones/ExposicionesInfoWindow.js => /Users/Usuario/Documents/Titanium_Studio_Workspace/expomobile_mobile/build/android/bin/assets/Resources/ui/handheld/exposiciones/ExposicionesInfoWindow.js
[TRACE] COPYING CREATED FILE: /Users/Usuario/Documents/Titanium_Studio_Workspace/expomobile_mobile/Resources/ui/handheld/exposiciones/HorariosWindow.js => /Users/Usuario/Documents/Titanium_Studio_Workspace/expomobile_mobile/build/android/bin/assets/Resources/ui/handheld/exposiciones/HorariosWindow.js
[TRACE] COPYING CREATED FILE: /Users/Usuario/Documents/Titanium_Studio_Workspace/expomobile_mobile/Resources/ui/handheld/ExposicionesWindow.js => /Users/Usuario/Documents/Titanium_Studio_Workspace/expomobile_mobile/build/android/bin/assets/Resources/ui/handheld/ExposicionesWindow.js
[TRACE] COPYING CREATED FILE: /Users/Usuario/Documents/Titanium_Studio_Workspace/expomobile_mobile/Resources/ui/handheld/facetoface/DetalleWindow.js => /Users/Usuario/Documents/Titanium_Studio_Workspace/expomobile_mobile/build/android/bin/assets/Resources/ui/handheld/facetoface/DetalleWindow.js
[TRACE] COPYING CREATED FILE: /Users/Usuario/Documents/Titanium_Studio_Workspace/expomobile_mobile/Resources/ui/handheld/facetoface/HorariosWindow.js => /Users/Usuario/Documents/Titanium_Studio_Workspace/expomobile_mobile/build/android/bin/assets/Resources/ui/handheld/facetoface/HorariosWindow.js
[TRACE] COPYING CREATED FILE: /Users/Usuario/Documents/Titanium_Studio_Workspace/expomobile_mobile/Resources/ui/handheld/FaceToFaceWindow.js => /Users/Usuario/Documents/Titanium_Studio_Workspace/expomobile_mobile/build/android/bin/assets/Resources/ui/handheld/FaceToFaceWindow.js
[TRACE] COPYING CREATED FILE: /Users/Usuario/Documents/Titanium_Studio_Workspace/expomobile_mobile/Resources/ui/handheld/MainWindow.js => /Users/Usuario/Documents/Titanium_Studio_Workspace/expomobile_mobile/build/android/bin/assets/Resources/ui/handheld/MainWindow.js
[TRACE] COPYING CREATED FILE: /Users/Usuario/Documents/Titanium_Studio_Workspace/expomobile_mobile/Resources/ui/handheld/mapa/index.html => /Users/Usuario/Documents/Titanium_Studio_Workspace/expomobile_mobile/build/android/bin/assets/Resources/ui/handheld/mapa/index.html
[TRACE] COPYING CREATED FILE: /Users/Usuario/Documents/Titanium_Studio_Workspace/expomobile_mobile/Resources/ui/handheld/mapa/mapa_anadic.png => /Users/Usuario/Documents/Titanium_Studio_Workspace/expomobile_mobile/build/android/bin/assets/Resources/ui/handheld/mapa/mapa_anadic.png
[TRACE] COPYING CREATED FILE: /Users/Usuario/Documents/Titanium_Studio_Workspace/expomobile_mobile/Resources/ui/handheld/mapa/MapaWindow.js => /Users/Usuario/Documents/Titanium_Studio_Workspace/expomobile_mobile/build/android/bin/assets/Resources/ui/handheld/mapa/MapaWindow.js
[TRACE] COPYING CREATED FILE: /Users/Usuario/Documents/Titanium_Studio_Workspace/expomobile_mobile/Resources/ui/handheld/NipWindow.js => /Users/Usuario/Documents/Titanium_Studio_Workspace/expomobile_mobile/build/android/bin/assets/Resources/ui/handheld/NipWindow.js
[TRACE] COPYING CREATED FILE: /Users/Usuario/Documents/Titanium_Studio_Workspace/expomobile_mobile/Resources/ui/handheld/ofertas/ExpositoresWindow.js => /Users/Usuario/Documents/Titanium_Studio_Workspace/expomobile_mobile/build/android/bin/assets/Resources/ui/handheld/ofertas/ExpositoresWindow.js
[TRACE] COPYING CREATED FILE: /Users/Usuario/Documents/Titanium_Studio_Workspace/expomobile_mobile/Resources/ui/handheld/ofertas/OpcionesExpositorWindow.js => /Users/Usuario/Documents/Titanium_Studio_Workspace/expomobile_mobile/build/android/bin/assets/Resources/ui/handheld/ofertas/OpcionesExpositorWindow.js
[TRACE] COPYING CREATED FILE: /Users/Usuario/Documents/Titanium_Studio_Workspace/expomobile_mobile/Resources/ui/handheld/OfertasWindow.js => /Users/Usuario/Documents/Titanium_Studio_Workspace/expomobile_mobile/build/android/bin/assets/Resources/ui/handheld/OfertasWindow.js
[TRACE] COPYING CREATED FILE: /Users/Usuario/Documents/Titanium_Studio_Workspace/expomobile_mobile/Resources/ui/handheld/patrocinadores/PatrocinadoresInfoWindow.js => /Users/Usuario/Documents/Titanium_Studio_Workspace/expomobile_mobile/build/android/bin/assets/Resources/ui/handheld/patrocinadores/PatrocinadoresInfoWindow.js
[TRACE] COPYING CREATED FILE: /Users/Usuario/Documents/Titanium_Studio_Workspace/expomobile_mobile/Resources/ui/handheld/PatrocinadoresWindow.js => /Users/Usuario/Documents/Titanium_Studio_Workspace/expomobile_mobile/build/android/bin/assets/Resources/ui/handheld/PatrocinadoresWindow.js
[TRACE] COPYING CREATED FILE: /Users/Usuario/Documents/Titanium_Studio_Workspace/expomobile_mobile/Resources/ui/handheld/QRReaderIOSWindow.js => /Users/Usuario/Documents/Titanium_Studio_Workspace/expomobile_mobile/build/android/bin/assets/Resources/ui/handheld/QRReaderIOSWindow.js
[TRACE] COPYING CREATED FILE: /Users/Usuario/Documents/Titanium_Studio_Workspace/expomobile_mobile/Resources/ui/handheld/QrReaderWindow.js => /Users/Usuario/Documents/Titanium_Studio_Workspace/expomobile_mobile/build/android/bin/assets/Resources/ui/handheld/QrReaderWindow.js
[TRACE] COPYING CREATED FILE: /Users/Usuario/Documents/Titanium_Studio_Workspace/expomobile_mobile/Resources/ui/handheld/RegistroWindow.js => /Users/Usuario/Documents/Titanium_Studio_Workspace/expomobile_mobile/build/android/bin/assets/Resources/ui/handheld/RegistroWindow.js
[TRACE] COPYING CREATED FILE: /Users/Usuario/Documents/Titanium_Studio_Workspace/expomobile_mobile/Resources/ui/handheld/talleres/DirectorioWindow.js => /Users/Usuario/Documents/Titanium_Studio_Workspace/expomobile_mobile/build/android/bin/assets/Resources/ui/handheld/talleres/DirectorioWindow.js
[TRACE] COPYING CREATED FILE: /Users/Usuario/Documents/Titanium_Studio_Workspace/expomobile_mobile/Resources/ui/handheld/talleres/HorariosWindow.js => /Users/Usuario/Documents/Titanium_Studio_Workspace/expomobile_mobile/build/android/bin/assets/Resources/ui/handheld/talleres/HorariosWindow.js
[TRACE] COPYING CREATED FILE: /Users/Usuario/Documents/Titanium_Studio_Workspace/expomobile_mobile/Resources/ui/handheld/TalleresWindow.js => /Users/Usuario/Documents/Titanium_Studio_Workspace/expomobile_mobile/build/android/bin/assets/Resources/ui/handheld/TalleresWindow.js
[TRACE] COPYING CREATED FILE: /Users/Usuario/Documents/Titanium_Studio_Workspace/expomobile_mobile/Resources/ui/handheld/TorneoGolfWindow.js => /Users/Usuario/Documents/Titanium_Studio_Workspace/expomobile_mobile/build/android/bin/assets/Resources/ui/handheld/TorneoGolfWindow.js
[TRACE] COPYING CREATED FILE: /Users/Usuario/Documents/Titanium_Studio_Workspace/expomobile_mobile/Resources/ui/tablet/actividades/HorariosWindow.js => /Users/Usuario/Documents/Titanium_Studio_Workspace/expomobile_mobile/build/android/bin/assets/Resources/ui/tablet/actividades/HorariosWindow.js
[TRACE] COPYING CREATED FILE: /Users/Usuario/Documents/Titanium_Studio_Workspace/expomobile_mobile/Resources/ui/tablet/ActividadesWindow.js => /Users/Usuario/Documents/Titanium_Studio_Workspace/expomobile_mobile/build/android/bin/assets/Resources/ui/tablet/ActividadesWindow.js
[TRACE] COPYING CREATED FILE: /Users/Usuario/Documents/Titanium_Studio_Workspace/expomobile_mobile/Resources/ui/tablet/agenda/HorariosWindow.js => /Users/Usuario/Documents/Titanium_Studio_Workspace/expomobile_mobile/build/android/bin/assets/Resources/ui/tablet/agenda/HorariosWindow.js
[TRACE] COPYING CREATED FILE: /Users/Usuario/Documents/Titanium_Studio_Workspace/expomobile_mobile/Resources/ui/tablet/AgendaWindow.js => /Users/Usuario/Documents/Titanium_Studio_Workspace/expomobile_mobile/build/android/bin/assets/Resources/ui/tablet/AgendaWindow.js
[TRACE] COPYING CREATED FILE: /Users/Usuario/Documents/Titanium_Studio_Workspace/expomobile_mobile/Resources/ui/tablet/android/ApplicationWindow.js => /Users/Usuario/Documents/Titanium_Studio_Workspace/expomobile_mobile/build/android/bin/assets/Resources/ui/tablet/android/ApplicationWindow.js
[TRACE] COPYING CREATED FILE: /Users/Usuario/Documents/Titanium_Studio_Workspace/expomobile_mobile/Resources/ui/tablet/ApplicationWindow.js => /Users/Usuario/Documents/Titanium_Studio_Workspace/expomobile_mobile/build/android/bin/assets/Resources/ui/tablet/ApplicationWindow.js
[TRACE] COPYING CREATED FILE: /Users/Usuario/Documents/Titanium_Studio_Workspace/expomobile_mobile/Resources/ui/tablet/conferencias/DirectorioWindow.js => /Users/Usuario/Documents/Titanium_Studio_Workspace/expomobile_mobile/build/android/bin/assets/Resources/ui/tablet/conferencias/DirectorioWindow.js
[TRACE] COPYING CREATED FILE: /Users/Usuario/Documents/Titanium_Studio_Workspace/expomobile_mobile/Resources/ui/tablet/conferencias/HorariosWindow.js => /Users/Usuario/Documents/Titanium_Studio_Workspace/expomobile_mobile/build/android/bin/assets/Resources/ui/tablet/conferencias/HorariosWindow.js
[TRACE] COPYING CREATED FILE: /Users/Usuario/Documents/Titanium_Studio_Workspace/expomobile_mobile/Resources/ui/tablet/ConferenciasWindow.js => /Users/Usuario/Documents/Titanium_Studio_Workspace/expomobile_mobile/build/android/bin/assets/Resources/ui/tablet/ConferenciasWindow.js
[TRACE] COPYING CREATED FILE: /Users/Usuario/Documents/Titanium_Studio_Workspace/expomobile_mobile/Resources/ui/tablet/exposiciones/DetalleWindow.js => /Users/Usuario/Documents/Titanium_Studio_Workspace/expomobile_mobile/build/android/bin/assets/Resources/ui/tablet/exposiciones/DetalleWindow.js
[TRACE] COPYING CREATED FILE: /Users/Usuario/Documents/Titanium_Studio_Workspace/expomobile_mobile/Resources/ui/tablet/exposiciones/DirectorioWindow.js => /Users/Usuario/Documents/Titanium_Studio_Workspace/expomobile_mobile/build/android/bin/assets/Resources/ui/tablet/exposiciones/DirectorioWindow.js
[TRACE] COPYING CREATED FILE: /Users/Usuario/Documents/Titanium_Studio_Workspace/expomobile_mobile/Resources/ui/tablet/exposiciones/DirExposWindow.js => /Users/Usuario/Documents/Titanium_Studio_Workspace/expomobile_mobile/build/android/bin/assets/Resources/ui/tablet/exposiciones/DirExposWindow.js
[TRACE] COPYING CREATED FILE: /Users/Usuario/Documents/Titanium_Studio_Workspace/expomobile_mobile/Resources/ui/tablet/exposiciones/ExpoInfoWindow.js => /Users/Usuario/Documents/Titanium_Studio_Workspace/expomobile_mobile/build/android/bin/assets/Resources/ui/tablet/exposiciones/ExpoInfoWindow.js
[TRACE] COPYING CREATED FILE: /Users/Usuario/Documents/Titanium_Studio_Workspace/expomobile_mobile/Resources/ui/tablet/exposiciones/ExposicionesInfoWindow.js => /Users/Usuario/Documents/Titanium_Studio_Workspace/expomobile_mobile/build/android/bin/assets/Resources/ui/tablet/exposiciones/ExposicionesInfoWindow.js
[TRACE] COPYING CREATED FILE: /Users/Usuario/Documents/Titanium_Studio_Workspace/expomobile_mobile/Resources/ui/tablet/exposiciones/HorariosWindow.js => /Users/Usuario/Documents/Titanium_Studio_Workspace/expomobile_mobile/build/android/bin/assets/Resources/ui/tablet/exposiciones/HorariosWindow.js
[TRACE] COPYING CREATED FILE: /Users/Usuario/Documents/Titanium_Studio_Workspace/expomobile_mobile/Resources/ui/tablet/ExposicionesWindow.js => /Users/Usuario/Documents/Titanium_Studio_Workspace/expomobile_mobile/build/android/bin/assets/Resources/ui/tablet/ExposicionesWindow.js
[TRACE] COPYING CREATED FILE: /Users/Usuario/Documents/Titanium_Studio_Workspace/expomobile_mobile/Resources/ui/tablet/facetoface/DetalleWindow.js => /Users/Usuario/Documents/Titanium_Studio_Workspace/expomobile_mobile/build/android/bin/assets/Resources/ui/tablet/facetoface/DetalleWindow.js
[TRACE] COPYING CREATED FILE: /Users/Usuario/Documents/Titanium_Studio_Workspace/expomobile_mobile/Resources/ui/tablet/facetoface/HorariosWindow.js => /Users/Usuario/Documents/Titanium_Studio_Workspace/expomobile_mobile/build/android/bin/assets/Resources/ui/tablet/facetoface/HorariosWindow.js
[TRACE] COPYING CREATED FILE: /Users/Usuario/Documents/Titanium_Studio_Workspace/expomobile_mobile/Resources/ui/tablet/FaceToFaceWindow.js => /Users/Usuario/Documents/Titanium_Studio_Workspace/expomobile_mobile/build/android/bin/assets/Resources/ui/tablet/FaceToFaceWindow.js
[TRACE] COPYING CREATED FILE: /Users/Usuario/Documents/Titanium_Studio_Workspace/expomobile_mobile/Resources/ui/tablet/MainWindow.js => /Users/Usuario/Documents/Titanium_Studio_Workspace/expomobile_mobile/build/android/bin/assets/Resources/ui/tablet/MainWindow.js
[TRACE] COPYING CREATED FILE: /Users/Usuario/Documents/Titanium_Studio_Workspace/expomobile_mobile/Resources/ui/tablet/mapa/index.html => /Users/Usuario/Documents/Titanium_Studio_Workspace/expomobile_mobile/build/android/bin/assets/Resources/ui/tablet/mapa/index.html
[TRACE] COPYING CREATED FILE: /Users/Usuario/Documents/Titanium_Studio_Workspace/expomobile_mobile/Resources/ui/tablet/mapa/mapa_anadic.png => /Users/Usuario/Documents/Titanium_Studio_Workspace/expomobile_mobile/build/android/bin/assets/Resources/ui/tablet/mapa/mapa_anadic.png
[TRACE] COPYING CREATED FILE: /Users/Usuario/Documents/Titanium_Studio_Workspace/expomobile_mobile/Resources/ui/tablet/mapa/MapaWindow.js => /Users/Usuario/Documents/Titanium_Studio_Workspace/expomobile_mobile/build/android/bin/assets/Resources/ui/tablet/mapa/MapaWindow.js
[TRACE] COPYING CREATED FILE: /Users/Usuario/Documents/Titanium_Studio_Workspace/expomobile_mobile/Resources/ui/tablet/NipWindow.js => /Users/Usuario/Documents/Titanium_Studio_Workspace/expomobile_mobile/build/android/bin/assets/Resources/ui/tablet/NipWindow.js
[TRACE] COPYING CREATED FILE: /Users/Usuario/Documents/Titanium_Studio_Workspace/expomobile_mobile/Resources/ui/tablet/ofertas/ExpositoresWindow.js => /Users/Usuario/Documents/Titanium_Studio_Workspace/expomobile_mobile/build/android/bin/assets/Resources/ui/tablet/ofertas/ExpositoresWindow.js
[TRACE] COPYING CREATED FILE: /Users/Usuario/Documents/Titanium_Studio_Workspace/expomobile_mobile/Resources/ui/tablet/ofertas/OpcionesExpositorWindow.js => /Users/Usuario/Documents/Titanium_Studio_Workspace/expomobile_mobile/build/android/bin/assets/Resources/ui/tablet/ofertas/OpcionesExpositorWindow.js
[TRACE] COPYING CREATED FILE: /Users/Usuario/Documents/Titanium_Studio_Workspace/expomobile_mobile/Resources/ui/tablet/OfertasWindow.js => /Users/Usuario/Documents/Titanium_Studio_Workspace/expomobile_mobile/build/android/bin/assets/Resources/ui/tablet/OfertasWindow.js
[TRACE] COPYING CREATED FILE: /Users/Usuario/Documents/Titanium_Studio_Workspace/expomobile_mobile/Resources/ui/tablet/patrocinadores/PatrocinadoresInfoWindow.js => /Users/Usuario/Documents/Titanium_Studio_Workspace/expomobile_mobile/build/android/bin/assets/Resources/ui/tablet/patrocinadores/PatrocinadoresInfoWindow.js
[TRACE] COPYING CREATED FILE: /Users/Usuario/Documents/Titanium_Studio_Workspace/expomobile_mobile/Resources/ui/tablet/PatrocinadoresWindow.js => /Users/Usuario/Documents/Titanium_Studio_Workspace/expomobile_mobile/build/android/bin/assets/Resources/ui/tablet/PatrocinadoresWindow.js
[TRACE] COPYING CREATED FILE: /Users/Usuario/Documents/Titanium_Studio_Workspace/expomobile_mobile/Resources/ui/tablet/QRReaderIOSWindow.js => /Users/Usuario/Documents/Titanium_Studio_Workspace/expomobile_mobile/build/android/bin/assets/Resources/ui/tablet/QRReaderIOSWindow.js
[TRACE] COPYING CREATED FILE: /Users/Usuario/Documents/Titanium_Studio_Workspace/expomobile_mobile/Resources/ui/tablet/QrReaderWindow.js => /Users/Usuario/Documents/Titanium_Studio_Workspace/expomobile_mobile/build/android/bin/assets/Resources/ui/tablet/QrReaderWindow.js
[TRACE] COPYING CREATED FILE: /Users/Usuario/Documents/Titanium_Studio_Workspace/expomobile_mobile/Resources/ui/tablet/RegistroWindow.js => /Users/Usuario/Documents/Titanium_Studio_Workspace/expomobile_mobile/build/android/bin/assets/Resources/ui/tablet/RegistroWindow.js
[TRACE] COPYING CREATED FILE: /Users/Usuario/Documents/Titanium_Studio_Workspace/expomobile_mobile/Resources/ui/tablet/talleres/DirectorioWindow.js => /Users/Usuario/Documents/Titanium_Studio_Workspace/expomobile_mobile/build/android/bin/assets/Resources/ui/tablet/talleres/DirectorioWindow.js
[TRACE] COPYING CREATED FILE: /Users/Usuario/Documents/Titanium_Studio_Workspace/expomobile_mobile/Resources/ui/tablet/talleres/HorariosWindow.js => /Users/Usuario/Documents/Titanium_Studio_Workspace/expomobile_mobile/build/android/bin/assets/Resources/ui/tablet/talleres/HorariosWindow.js
[TRACE] COPYING CREATED FILE: /Users/Usuario/Documents/Titanium_Studio_Workspace/expomobile_mobile/Resources/ui/tablet/TalleresWindow.js => /Users/Usuario/Documents/Titanium_Studio_Workspace/expomobile_mobile/build/android/bin/assets/Resources/ui/tablet/TalleresWindow.js
[TRACE] COPYING CREATED FILE: /Users/Usuario/Documents/Titanium_Studio_Workspace/expomobile_mobile/Resources/ui/tablet/torneogolf/HorariosWindow.js => /Users/Usuario/Documents/Titanium_Studio_Workspace/expomobile_mobile/build/android/bin/assets/Resources/ui/tablet/torneogolf/HorariosWindow.js
[TRACE] COPYING CREATED FILE: /Users/Usuario/Documents/Titanium_Studio_Workspace/expomobile_mobile/Resources/ui/tablet/TorneoGolfWindow.js => /Users/Usuario/Documents/Titanium_Studio_Workspace/expomobile_mobile/build/android/bin/assets/Resources/ui/tablet/TorneoGolfWindow.js
[DEBUG] LiveView not enabled
[TRACE] Generating Java Classes
[DEBUG] Processing Android resource drawables
[DEBUG] app stylesheet => /Users/Usuario/Documents/Titanium_Studio_Workspace/expomobile_mobile/build/android/gen/mx/com/emobile/ApplicationStylesheet.java
[DEBUG] Removed duplicate string [name] from /Users/Usuario/Documents/Titanium_Studio_Workspace/expomobile_mobile/build/android/res/values/strings.xml
[DEBUG] Removed duplicate string [start_date] from /Users/Usuario/Documents/Titanium_Studio_Workspace/expomobile_mobile/build/android/res/values/strings.xml
[DEBUG] Removed duplicate string [start_hour] from /Users/Usuario/Documents/Titanium_Studio_Workspace/expomobile_mobile/build/android/res/values/strings.xml
[DEBUG] Removed duplicate string [end_hour] from /Users/Usuario/Documents/Titanium_Studio_Workspace/expomobile_mobile/build/android/res/values/strings.xml
[DEBUG] Removed duplicate string [teacher] from /Users/Usuario/Documents/Titanium_Studio_Workspace/expomobile_mobile/build/android/res/values/strings.xml
[DEBUG] Removed duplicate string [room_id] from /Users/Usuario/Documents/Titanium_Studio_Workspace/expomobile_mobile/build/android/res/values/strings.xml
[DEBUG] Removed duplicate string [register] from /Users/Usuario/Documents/Titanium_Studio_Workspace/expomobile_mobile/build/android/res/values/strings.xml
[DEBUG] Removed duplicate string [conferences] from /Users/Usuario/Documents/Titanium_Studio_Workspace/expomobile_mobile/build/android/res/values/strings.xml
[DEBUG] Removed duplicate string [name] from /Users/Usuario/Documents/Titanium_Studio_Workspace/expomobile_mobile/build/android/res/values/strings.xml
[DEBUG] Removed duplicate string [alloffers] from /Users/Usuario/Documents/Titanium_Studio_Workspace/expomobile_mobile/build/android/res/values-es/strings.xml
[DEBUG] Removed duplicate string [name] from /Users/Usuario/Documents/Titanium_Studio_Workspace/expomobile_mobile/build/android/res/values-es/strings.xml
[DEBUG] Removed duplicate string [start_date] from /Users/Usuario/Documents/Titanium_Studio_Workspace/expomobile_mobile/build/android/res/values-es/strings.xml
[DEBUG] Removed duplicate string [conferences] from /Users/Usuario/Documents/Titanium_Studio_Workspace/expomobile_mobile/build/android/res/values-es/strings.xml
[DEBUG] Removed duplicate string [start_hour] from /Users/Usuario/Documents/Titanium_Studio_Workspace/expomobile_mobile/build/android/res/values-es/strings.xml
[DEBUG] Removed duplicate string [end_hour] from /Users/Usuario/Documents/Titanium_Studio_Workspace/expomobile_mobile/build/android/res/values-es/strings.xml
[DEBUG] Removed duplicate string [teacher] from /Users/Usuario/Documents/Titanium_Studio_Workspace/expomobile_mobile/build/android/res/values-es/strings.xml
[DEBUG] Removed duplicate string [room_id] from /Users/Usuario/Documents/Titanium_Studio_Workspace/expomobile_mobile/build/android/res/values-es/strings.xml
[DEBUG] Removed duplicate string [register] from /Users/Usuario/Documents/Titanium_Studio_Workspace/expomobile_mobile/build/android/res/values-es/strings.xml
[DEBUG] Removed duplicate string [name] from /Users/Usuario/Documents/Titanium_Studio_Workspace/expomobile_mobile/build/android/res/values-es/strings.xml
[DEBUG] copying app icon: /Users/Usuario/Documents/Titanium_Studio_Workspace/expomobile_mobile/build/android/bin/assets/Resources/appicon.png
[DEBUG] generating theme.xml
[DEBUG] found drawable-long-land-hdpi splash screen at /Users/Usuario/Documents/Titanium_Studio_Workspace/expomobile_mobile/Resources/android/images/res-long-land-hdpi/default.png
[DEBUG] copying /Users/Usuario/Documents/Titanium_Studio_Workspace/expomobile_mobile/Resources/android/images/res-long-land-hdpi/default.png splash screen to /Users/Usuario/Documents/Titanium_Studio_Workspace/expomobile_mobile/build/android/res/drawable-long-land-hdpi/background.png
[DEBUG] found drawable-long-land-ldpi splash screen at /Users/Usuario/Documents/Titanium_Studio_Workspace/expomobile_mobile/Resources/android/images/res-long-land-ldpi/default.png
[DEBUG] copying /Users/Usuario/Documents/Titanium_Studio_Workspace/expomobile_mobile/Resources/android/images/res-long-land-ldpi/default.png splash screen to /Users/Usuario/Documents/Titanium_Studio_Workspace/expomobile_mobile/build/android/res/drawable-long-land-ldpi/background.png
[DEBUG] found drawable-long-port-hdpi splash screen at /Users/Usuario/Documents/Titanium_Studio_Workspace/expomobile_mobile/Resources/android/images/res-long-port-hdpi/default.png
[DEBUG] copying /Users/Usuario/Documents/Titanium_Studio_Workspace/expomobile_mobile/Resources/android/images/res-long-port-hdpi/default.png splash screen to /Users/Usuario/Documents/Titanium_Studio_Workspace/expomobile_mobile/build/android/res/drawable-long-port-hdpi/background.png
[DEBUG] found drawable-long-port-ldpi splash screen at /Users/Usuario/Documents/Titanium_Studio_Workspace/expomobile_mobile/Resources/android/images/res-long-port-ldpi/default.png
[DEBUG] copying /Users/Usuario/Documents/Titanium_Studio_Workspace/expomobile_mobile/Resources/android/images/res-long-port-ldpi/default.png splash screen to /Users/Usuario/Documents/Titanium_Studio_Workspace/expomobile_mobile/build/android/res/drawable-long-port-ldpi/background.png
[DEBUG] found drawable-notlong-land-hdpi splash screen at /Users/Usuario/Documents/Titanium_Studio_Workspace/expomobile_mobile/Resources/android/images/res-notlong-land-hdpi/default.png
[DEBUG] copying /Users/Usuario/Documents/Titanium_Studio_Workspace/expomobile_mobile/Resources/android/images/res-notlong-land-hdpi/default.png splash screen to /Users/Usuario/Documents/Titanium_Studio_Workspace/expomobile_mobile/build/android/res/drawable-notlong-land-hdpi/background.png
[DEBUG] found drawable-notlong-land-ldpi splash screen at /Users/Usuario/Documents/Titanium_Studio_Workspace/expomobile_mobile/Resources/android/images/res-notlong-land-ldpi/default.png
[DEBUG] copying /Users/Usuario/Documents/Titanium_Studio_Workspace/expomobile_mobile/Resources/android/images/res-notlong-land-ldpi/default.png splash screen to /Users/Usuario/Documents/Titanium_Studio_Workspace/expomobile_mobile/build/android/res/drawable-notlong-land-ldpi/background.png
[DEBUG] found drawable-notlong-land-mdpi splash screen at /Users/Usuario/Documents/Titanium_Studio_Workspace/expomobile_mobile/Resources/android/images/res-notlong-land-mdpi/default.png
[DEBUG] copying /Users/Usuario/Documents/Titanium_Studio_Workspace/expomobile_mobile/Resources/android/images/res-notlong-land-mdpi/default.png splash screen to /Users/Usuario/Documents/Titanium_Studio_Workspace/expomobile_mobile/build/android/res/drawable-notlong-land-mdpi/background.png
[DEBUG] found drawable-notlong-port-hdpi splash screen at /Users/Usuario/Documents/Titanium_Studio_Workspace/expomobile_mobile/Resources/android/images/res-notlong-port-hdpi/default.png
[DEBUG] copying /Users/Usuario/Documents/Titanium_Studio_Workspace/expomobile_mobile/Resources/android/images/res-notlong-port-hdpi/default.png splash screen to /Users/Usuario/Documents/Titanium_Studio_Workspace/expomobile_mobile/build/android/res/drawable-notlong-port-hdpi/background.png
[DEBUG] found drawable-notlong-port-ldpi splash screen at /Users/Usuario/Documents/Titanium_Studio_Workspace/expomobile_mobile/Resources/android/images/res-notlong-port-ldpi/default.png
[DEBUG] copying /Users/Usuario/Documents/Titanium_Studio_Workspace/expomobile_mobile/Resources/android/images/res-notlong-port-ldpi/default.png splash screen to /Users/Usuario/Documents/Titanium_Studio_Workspace/expomobile_mobile/build/android/res/drawable-notlong-port-ldpi/background.png
[DEBUG] found drawable-notlong-port-mdpi splash screen at /Users/Usuario/Documents/Titanium_Studio_Workspace/expomobile_mobile/Resources/android/images/res-notlong-port-mdpi/default.png
[DEBUG] copying /Users/Usuario/Documents/Titanium_Studio_Workspace/expomobile_mobile/Resources/android/images/res-notlong-port-mdpi/default.png splash screen to /Users/Usuario/Documents/Titanium_Studio_Workspace/expomobile_mobile/build/android/res/drawable-notlong-port-mdpi/background.png
[DEBUG] found splash screen at /Users/Usuario/Documents/Titanium_Studio_Workspace/expomobile_mobile/build/android/bin/assets/Resources/default.png
[DEBUG] Added 'screenSize' to <activity android:configChanges> because targeted api level 16 is >= 13
[TRACE] Writing out AndroidManifest.xml
[ERROR] Error generating R.java from manifest
